2020-05-12 19:08:26,040 INFO [main] t.zhuky.audit.AuditApplicationTests [StartupInfoLogger.java : 55] Starting AuditApplicationTests on DESKTOP-ST2Q8UL with PID 15960 (started by zhuky in C:\workspace\java\audit)
2020-05-12 19:08:26,042 DEBUG [main] t.zhuky.audit.AuditApplicationTests [StartupInfoLogger.java : 56] Running with Spring Boot v2.2.7.RELEASE, Spring v5.2.6.RELEASE
2020-05-12 19:08:26,043 INFO [main] t.zhuky.audit.AuditApplicationTests [SpringApplication.java : 651] No active profile set, falling back to default profiles: default
2020-05-12 19:08:27,474 INFO [main] t.zhuky.audit.AuditApplicationTests [StartupInfoLogger.java : 61] Started AuditApplicationTests in 1.997 seconds (JVM running for 3.254)
2020-05-12 19:08:27,512 INFO [main] o.s.s.c.ThreadPoolTaskExecutor [ExecutorConfigurationSupport.java : 181] Initializing ExecutorService 'applicationTaskExecutor'
2020-05-12 19:08:29,826 DEBUG [task-8] top.zhuky.audit.Fair [Fair.java : 31] 开始产品1和-1
2020-05-12 19:08:29,828 DEBUG [task-2] top.zhuky.audit.Fair [Fair.java : 31] 开始产品7和-1
2020-05-12 19:08:29,829 DEBUG [task-7] top.zhuky.audit.Fair [Fair.java : 31] 开始产品4和-1
2020-05-12 19:08:29,829 DEBUG [task-4] top.zhuky.audit.Fair [Fair.java : 31] 开始产品10和-1
2020-05-12 19:08:29,830 DEBUG [task-6] top.zhuky.audit.Fair [Fair.java : 31] 开始产品6和-1
2020-05-12 19:08:29,831 DEBUG [task-3] top.zhuky.audit.Fair [Fair.java : 31] 开始产品11和-1
2020-05-12 19:08:29,833 DEBUG [task-1] top.zhuky.audit.Fair [Fair.java : 31] 开始产品8和-1
2020-05-12 19:08:29,833 DEBUG [task-5] top.zhuky.audit.Fair [Fair.java : 31] 开始产品2和-1
2020-05-12 19:08:33,773 DEBUG [task-1] top.zhuky.audit.Fair [Fair.java : 53] 结束产品8和-1
2020-05-12 19:08:33,776 DEBUG [task-3] top.zhuky.audit.Fair [Fair.java : 53] 结束产品11和-1
2020-05-12 19:08:33,859 DEBUG [task-1] top.zhuky.audit.Fair [Fair.java : 31] 开始产品12和-1
2020-05-12 19:08:33,862 DEBUG [task-3] top.zhuky.audit.Fair [Fair.java : 31] 开始产品13和-1
2020-05-12 19:08:33,919 DEBUG [task-8] top.zhuky.audit.Fair [Fair.java : 53] 结束产品1和-1
2020-05-12 19:08:33,940 DEBUG [task-8] top.zhuky.audit.Fair [Fair.java : 31] 开始产品14和-1
2020-05-12 19:08:34,239 DEBUG [task-2] top.zhuky.audit.Fair [Fair.java : 53] 结束产品7和-1
2020-05-12 19:08:34,261 DEBUG [task-2] top.zhuky.audit.Fair [Fair.java : 31] 开始产品16和-1
2020-05-12 19:08:37,814 DEBUG [task-1] top.zhuky.audit.Fair [Fair.java : 53] 结束产品12和-1
2020-05-12 19:08:37,835 DEBUG [task-1] top.zhuky.audit.Fair [Fair.java : 31] 开始产品3和-1
2020-05-12 19:08:37,860 DEBUG [task-3] top.zhuky.audit.Fair [Fair.java : 53] 结束产品13和-1
2020-05-12 19:08:37,882 DEBUG [task-3] top.zhuky.audit.Fair [Fair.java : 31] 开始产品18和-1
2020-05-12 19:08:38,005 DEBUG [task-6] top.zhuky.audit.Fair [Fair.java : 53] 结束产品6和-1
2020-05-12 19:08:38,022 DEBUG [task-7] top.zhuky.audit.Fair [Fair.java : 53] 结束产品4和-1
2020-05-12 19:08:38,033 DEBUG [task-6] top.zhuky.audit.Fair [Fair.java : 31] 开始产品17和-1
2020-05-12 19:08:38,047 DEBUG [task-7] top.zhuky.audit.Fair [Fair.java : 31] 开始产品19和-1
2020-05-12 19:08:38,076 DEBUG [task-5] top.zhuky.audit.Fair [Fair.java : 53] 结束产品2和-1
2020-05-12 19:08:38,110 DEBUG [task-5] top.zhuky.audit.Fair [Fair.java : 31] 开始产品20和-1
2020-05-12 19:08:38,367 DEBUG [task-2] top.zhuky.audit.Fair [Fair.java : 53] 结束产品16和-1
2020-05-12 19:08:38,398 DEBUG [task-2] top.zhuky.audit.Fair [Fair.java : 31] 开始产品21和-1
2020-05-12 19:08:41,716 DEBUG [task-3] top.zhuky.audit.Fair [Fair.java : 53] 结束产品18和-1
2020-05-12 19:08:41,739 DEBUG [task-3] top.zhuky.audit.Fair [Fair.java : 31] 开始产品22和-1
2020-05-12 19:08:41,877 DEBUG [task-6] top.zhuky.audit.Fair [Fair.java : 53] 结束产品17和-1
2020-05-12 19:08:41,881 DEBUG [task-7] top.zhuky.audit.Fair [Fair.java : 53] 结束产品19和-1
2020-05-12 19:08:41,896 DEBUG [task-6] top.zhuky.audit.Fair [Fair.java : 31] 开始产品23和-1
2020-05-12 19:08:41,901 DEBUG [task-7] top.zhuky.audit.Fair [Fair.java : 31] 开始产品25和-1
2020-05-12 19:08:42,290 DEBUG [task-2] top.zhuky.audit.Fair [Fair.java : 53] 结束产品21和-1
2020-05-12 19:08:42,314 DEBUG [task-2] top.zhuky.audit.Fair [Fair.java : 31] 开始产品26和-1
2020-05-12 19:08:44,996 DEBUG [task-4] top.zhuky.audit.Fair [Fair.java : 53] 结束产品10和-1
2020-05-12 19:08:45,240 DEBUG [task-4] top.zhuky.audit.Fair [Fair.java : 31] 开始产品27和-1
2020-05-12 19:08:45,538 DEBUG [task-3] top.zhuky.audit.Fair [Fair.java : 53] 结束产品22和-1
2020-05-12 19:08:45,680 DEBUG [task-6] top.zhuky.audit.Fair [Fair.java : 53] 结束产品23和-1
2020-05-12 19:08:45,711 DEBUG [task-7] top.zhuky.audit.Fair [Fair.java : 53] 结束产品25和-1
2020-05-12 19:08:45,798 DEBUG [task-3] top.zhuky.audit.Fair [Fair.java : 31] 开始产品5和-1
2020-05-12 19:08:45,809 DEBUG [task-6] top.zhuky.audit.Fair [Fair.java : 31] 开始产品28和-1
2020-05-12 19:08:45,815 DEBUG [task-7] top.zhuky.audit.Fair [Fair.java : 31] 开始产品29和-1
2020-05-12 19:08:46,158 DEBUG [task-1] top.zhuky.audit.Fair [Fair.java : 53] 结束产品3和-1
2020-05-12 19:08:46,355 DEBUG [task-2] top.zhuky.audit.Fair [Fair.java : 53] 结束产品26和-1
2020-05-12 19:08:48,850 DEBUG [task-1] top.zhuky.audit.Fair [Fair.java : 31] 开始产品30和-1
2020-05-12 19:08:48,873 DEBUG [task-2] top.zhuky.audit.Fair [Fair.java : 31] 开始产品31和-1
2020-05-12 19:08:49,467 DEBUG [task-4] top.zhuky.audit.Fair [Fair.java : 53] 结束产品27和-1
2020-05-12 19:08:49,487 DEBUG [task-4] top.zhuky.audit.Fair [Fair.java : 31] 开始产品32和-1
2020-05-12 19:08:49,668 DEBUG [task-3] top.zhuky.audit.Fair [Fair.java : 53] 结束产品5和-1
2020-05-12 19:08:49,689 DEBUG [task-3] top.zhuky.audit.Fair [Fair.java : 31] 开始产品33和-1
2020-05-12 19:08:49,751 DEBUG [task-6] top.zhuky.audit.Fair [Fair.java : 53] 结束产品28和-1
2020-05-12 19:08:49,776 DEBUG [task-6] top.zhuky.audit.Fair [Fair.java : 31] 开始产品35和-1
2020-05-12 19:08:50,211 DEBUG [task-7] top.zhuky.audit.Fair [Fair.java : 53] 结束产品29和-1
2020-05-12 19:08:50,232 DEBUG [task-7] top.zhuky.audit.Fair [Fair.java : 31] 开始产品34和-1
2020-05-12 19:08:53,019 DEBUG [task-2] top.zhuky.audit.Fair [Fair.java : 53] 结束产品31和-1
2020-05-12 19:08:53,040 DEBUG [task-2] top.zhuky.audit.Fair [Fair.java : 31] 开始产品36和-1
2020-05-12 19:08:53,719 DEBUG [task-1] top.zhuky.audit.Fair [Fair.java : 53] 结束产品30和-1
2020-05-12 19:08:53,742 DEBUG [task-1] top.zhuky.audit.Fair [Fair.java : 31] 开始产品37和-1
2020-05-12 19:08:53,800 DEBUG [task-3] top.zhuky.audit.Fair [Fair.java : 53] 结束产品33和-1
2020-05-12 19:08:53,818 DEBUG [task-3] top.zhuky.audit.Fair [Fair.java : 31] 开始产品39和-1
2020-05-12 19:08:53,899 DEBUG [task-4] top.zhuky.audit.Fair [Fair.java : 53] 结束产品32和-1
2020-05-12 19:08:53,920 DEBUG [task-4] top.zhuky.audit.Fair [Fair.java : 31] 开始产品38和-1
2020-05-12 19:08:54,364 DEBUG [task-7] top.zhuky.audit.Fair [Fair.java : 53] 结束产品34和-1
2020-05-12 19:08:54,387 DEBUG [task-7] top.zhuky.audit.Fair [Fair.java : 31] 开始产品40和-1
2020-05-12 19:08:54,594 DEBUG [task-6] top.zhuky.audit.Fair [Fair.java : 53] 结束产品35和-1
2020-05-12 19:08:54,615 DEBUG [task-6] top.zhuky.audit.Fair [Fair.java : 31] 开始产品41和-1
2020-05-12 19:08:58,077 DEBUG [task-1] top.zhuky.audit.Fair [Fair.java : 53] 结束产品37和-1
2020-05-12 19:08:58,097 DEBUG [task-1] top.zhuky.audit.Fair [Fair.java : 31] 开始产品42和-1
2020-05-12 19:08:58,874 DEBUG [task-6] top.zhuky.audit.Fair [Fair.java : 53] 结束产品41和-1
2020-05-12 19:08:58,897 DEBUG [task-6] top.zhuky.audit.Fair [Fair.java : 31] 开始产品44和-1
2020-05-12 19:09:01,448 DEBUG [task-4] top.zhuky.audit.Fair [Fair.java : 53] 结束产品38和-1
2020-05-12 19:09:01,471 DEBUG [task-4] top.zhuky.audit.Fair [Fair.java : 31] 开始产品45和-1
2020-05-12 19:09:02,192 DEBUG [task-1] top.zhuky.audit.Fair [Fair.java : 53] 结束产品42和-1
2020-05-12 19:09:02,212 DEBUG [task-1] top.zhuky.audit.Fair [Fair.java : 31] 开始产品46和-1
2020-05-12 19:09:02,957 DEBUG [task-6] top.zhuky.audit.Fair [Fair.java : 53] 结束产品44和-1
2020-05-12 19:09:02,978 DEBUG [task-6] top.zhuky.audit.Fair [Fair.java : 31] 开始产品47和-1
2020-05-12 19:09:04,454 DEBUG [task-3] top.zhuky.audit.Fair [Fair.java : 53] 结束产品39和-1
2020-05-12 19:09:04,476 DEBUG [task-3] top.zhuky.audit.Fair [Fair.java : 31] 开始产品48和-1
2020-05-12 19:09:07,791 DEBUG [task-2] top.zhuky.audit.Fair [Fair.java : 53] 结束产品36和-1
2020-05-12 19:09:07,989 DEBUG [task-2] top.zhuky.audit.Fair [Fair.java : 31] 开始产品9和-1
2020-05-12 19:09:12,173 DEBUG [task-2] top.zhuky.audit.Fair [Fair.java : 53] 结束产品9和-1
2020-05-12 19:09:12,192 DEBUG [task-2] top.zhuky.audit.Fair [Fair.java : 31] 开始产品51和-1
2020-05-12 19:09:34,987 DEBUG [task-8] top.zhuky.audit.Fair [Fair.java : 53] 结束产品14和-1
2020-05-12 19:09:35,011 DEBUG [task-8] top.zhuky.audit.Fair [Fair.java : 31] 开始产品49和-1
2020-05-12 19:09:55,765 DEBUG [task-5] top.zhuky.audit.Fair [Fair.java : 53] 结束产品20和-1
2020-05-12 19:09:58,151 DEBUG [task-5] top.zhuky.audit.Fair [Fair.java : 31] 开始产品53和-1
2020-05-12 19:09:58,298 DEBUG [task-4] top.zhuky.audit.Fair [Fair.java : 53] 结束产品45和-1
2020-05-12 19:09:58,321 DEBUG [task-4] top.zhuky.audit.Fair [Fair.java : 31] 开始产品15和-1
2020-05-12 19:10:03,058 DEBUG [task-5] top.zhuky.audit.Fair [Fair.java : 53] 结束产品53和-1
2020-05-12 19:10:03,078 DEBUG [task-5] top.zhuky.audit.Fair [Fair.java : 31] 开始产品54和-1
2020-05-12 19:10:03,662 DEBUG [task-4] top.zhuky.audit.Fair [Fair.java : 53] 结束产品15和-1
2020-05-12 19:10:03,684 DEBUG [task-4] top.zhuky.audit.Fair [Fair.java : 31] 开始产品24和-1
2020-05-12 19:10:05,581 DEBUG [task-7] top.zhuky.audit.Fair [Fair.java : 53] 结束产品40和-1
2020-05-12 19:10:05,653 DEBUG [task-7] top.zhuky.audit.Fair [Fair.java : 31] 开始产品43和-1
2020-05-12 19:10:07,141 DEBUG [task-5] top.zhuky.audit.Fair [Fair.java : 53] 结束产品54和-1
2020-05-12 19:10:07,168 DEBUG [task-5] top.zhuky.audit.Fair [Fair.java : 31] 开始产品56和-1
2020-05-12 19:10:08,068 DEBUG [task-4] top.zhuky.audit.Fair [Fair.java : 53] 结束产品24和-1
2020-05-12 19:10:08,089 DEBUG [task-4] top.zhuky.audit.Fair [Fair.java : 31] 开始产品50和-1
2020-05-12 19:10:10,144 DEBUG [task-7] top.zhuky.audit.Fair [Fair.java : 53] 结束产品43和-1
2020-05-12 19:10:10,163 DEBUG [task-7] top.zhuky.audit.Fair [Fair.java : 31] 开始产品57和-1
2020-05-12 19:10:14,663 DEBUG [task-7] top.zhuky.audit.Fair [Fair.java : 53] 结束产品57和-1
2020-05-12 19:10:15,226 DEBUG [task-4] top.zhuky.audit.Fair [Fair.java : 53] 结束产品50和-1
2020-05-12 19:10:15,471 DEBUG [task-7] top.zhuky.audit.Fair [Fair.java : 31] 开始产品52和-1
2020-05-12 19:10:15,509 DEBUG [task-4] top.zhuky.audit.Fair [Fair.java : 31] 开始产品59和-1
2020-05-12 19:10:21,167 DEBUG [task-6] top.zhuky.audit.Fair [Fair.java : 53] 结束产品47和-1
2020-05-12 19:10:21,195 DEBUG [task-6] top.zhuky.audit.Fair [Fair.java : 31] 开始产品60和-1
2020-05-12 19:10:21,785 DEBUG [task-1] top.zhuky.audit.Fair [Fair.java : 53] 结束产品46和-1
2020-05-12 19:10:21,805 DEBUG [task-1] top.zhuky.audit.Fair [Fair.java : 31] 开始产品61和-1
2020-05-12 19:10:22,931 DEBUG [task-3] top.zhuky.audit.Fair [Fair.java : 53] 结束产品48和-1
2020-05-12 19:10:22,950 DEBUG [task-3] top.zhuky.audit.Fair [Fair.java : 31] 开始产品62和-1
2020-05-12 19:10:25,825 DEBUG [task-6] top.zhuky.audit.Fair [Fair.java : 53] 结束产品60和-1
2020-05-12 19:10:26,359 DEBUG [task-1] top.zhuky.audit.Fair [Fair.java : 53] 结束产品61和-1
2020-05-12 19:10:26,600 DEBUG [task-6] top.zhuky.audit.Fair [Fair.java : 31] 开始产品55和-1
2020-05-12 19:10:26,625 DEBUG [task-1] top.zhuky.audit.Fair [Fair.java : 31] 开始产品65和-1
2020-05-12 19:10:30,855 DEBUG [task-6] top.zhuky.audit.Fair [Fair.java : 53] 结束产品55和-1
2020-05-12 19:10:30,879 DEBUG [task-6] top.zhuky.audit.Fair [Fair.java : 31] 开始产品68和-1
2020-05-12 19:10:30,887 DEBUG [task-1] top.zhuky.audit.Fair [Fair.java : 53] 结束产品65和-1
2020-05-12 19:10:30,907 DEBUG [task-1] top.zhuky.audit.Fair [Fair.java : 31] 开始产品58和-1
2020-05-12 19:10:31,677 DEBUG [task-4] top.zhuky.audit.Fair [Fair.java : 53] 结束产品59和-1
2020-05-12 19:10:31,697 DEBUG [task-4] top.zhuky.audit.Fair [Fair.java : 31] 开始产品63和-1
2020-05-12 19:10:32,856 DEBUG [task-2] top.zhuky.audit.Fair [Fair.java : 53] 结束产品51和-1
2020-05-12 19:10:32,876 DEBUG [task-2] top.zhuky.audit.Fair [Fair.java : 31] 开始产品70和-1
2020-05-12 19:10:35,072 DEBUG [task-6] top.zhuky.audit.Fair [Fair.java : 53] 结束产品68和-1
2020-05-12 19:10:35,091 DEBUG [task-6] top.zhuky.audit.Fair [Fair.java : 31] 开始产品66和-1
2020-05-12 19:10:35,405 DEBUG [task-1] top.zhuky.audit.Fair [Fair.java : 53] 结束产品58和-1
2020-05-12 19:10:35,424 DEBUG [task-1] top.zhuky.audit.Fair [Fair.java : 31] 开始产品73和-1
2020-05-12 19:10:35,681 DEBUG [task-4] top.zhuky.audit.Fair [Fair.java : 53] 结束产品63和-1
2020-05-12 19:10:35,698 DEBUG [task-4] top.zhuky.audit.Fair [Fair.java : 31] 开始产品72和-1
2020-05-12 19:10:39,068 DEBUG [task-6] top.zhuky.audit.Fair [Fair.java : 53] 结束产品66和-1
2020-05-12 19:10:39,085 DEBUG [task-6] top.zhuky.audit.Fair [Fair.java : 31] 开始产品74和-1
2020-05-12 19:10:39,489 DEBUG [task-1] top.zhuky.audit.Fair [Fair.java : 53] 结束产品73和-1
2020-05-12 19:10:39,509 DEBUG [task-1] top.zhuky.audit.Fair [Fair.java : 31] 开始产品75和-1
2020-05-12 19:10:39,666 DEBUG [task-4] top.zhuky.audit.Fair [Fair.java : 53] 结束产品72和-1
2020-05-12 19:10:39,686 DEBUG [task-4] top.zhuky.audit.Fair [Fair.java : 31] 开始产品67和-1
2020-05-12 19:10:42,974 DEBUG [task-6] top.zhuky.audit.Fair [Fair.java : 53] 结束产品74和-1
2020-05-12 19:10:43,353 DEBUG [task-1] top.zhuky.audit.Fair [Fair.java : 53] 结束产品75和-1
2020-05-12 19:10:43,497 DEBUG [task-4] top.zhuky.audit.Fair [Fair.java : 53] 结束产品67和-1
2020-05-12 19:10:44,066 DEBUG [task-4] top.zhuky.audit.Fair [Fair.java : 31] 开始产品79和-1
2020-05-12 19:10:44,066 DEBUG [task-6] top.zhuky.audit.Fair [Fair.java : 31] 开始产品78和-1
2020-05-12 19:10:44,066 DEBUG [task-1] top.zhuky.audit.Fair [Fair.java : 31] 开始产品77和-1
2020-05-12 19:10:47,937 DEBUG [task-4] top.zhuky.audit.Fair [Fair.java : 53] 结束产品79和-1
2020-05-12 19:10:47,957 DEBUG [task-4] top.zhuky.audit.Fair [Fair.java : 31] 开始产品80和-1
2020-05-12 19:10:47,974 DEBUG [task-1] top.zhuky.audit.Fair [Fair.java : 53] 结束产品77和-1
2020-05-12 19:10:47,996 DEBUG [task-1] top.zhuky.audit.Fair [Fair.java : 31] 开始产品81和-1
2020-05-12 19:10:48,092 DEBUG [task-6] top.zhuky.audit.Fair [Fair.java : 53] 结束产品78和-1
2020-05-12 19:10:48,109 DEBUG [task-6] top.zhuky.audit.Fair [Fair.java : 31] 开始产品82和-1
2020-05-12 19:10:51,886 DEBUG [task-4] top.zhuky.audit.Fair [Fair.java : 53] 结束产品80和-1
2020-05-12 19:10:51,917 DEBUG [task-4] top.zhuky.audit.Fair [Fair.java : 31] 开始产品83和-1
2020-05-12 19:10:51,993 DEBUG [task-1] top.zhuky.audit.Fair [Fair.java : 53] 结束产品81和-1
2020-05-12 19:10:52,012 DEBUG [task-1] top.zhuky.audit.Fair [Fair.java : 31] 开始产品69和-1
2020-05-12 19:10:52,151 DEBUG [task-6] top.zhuky.audit.Fair [Fair.java : 53] 结束产品82和-1
2020-05-12 19:10:52,171 DEBUG [task-6] top.zhuky.audit.Fair [Fair.java : 31] 开始产品86和-1
2020-05-12 19:10:55,376 DEBUG [task-8] top.zhuky.audit.Fair [Fair.java : 53] 结束产品49和-1
2020-05-12 19:10:55,394 DEBUG [task-8] top.zhuky.audit.Fair [Fair.java : 31] 开始产品87和-1
2020-05-12 19:10:55,889 DEBUG [task-1] top.zhuky.audit.Fair [Fair.java : 53] 结束产品69和-1
2020-05-12 19:10:55,898 DEBUG [task-4] top.zhuky.audit.Fair [Fair.java : 53] 结束产品83和-1
2020-05-12 19:10:55,907 DEBUG [task-1] top.zhuky.audit.Fair [Fair.java : 31] 开始产品64和-1
2020-05-12 19:10:55,917 DEBUG [task-4] top.zhuky.audit.Fair [Fair.java : 31] 开始产品88和-1
2020-05-12 19:10:56,094 DEBUG [task-6] top.zhuky.audit.Fair [Fair.java : 53] 结束产品86和-1
2020-05-12 19:10:56,111 DEBUG [task-6] top.zhuky.audit.Fair [Fair.java : 31] 开始产品89和-1
2020-05-12 19:10:59,617 DEBUG [task-8] top.zhuky.audit.Fair [Fair.java : 53] 结束产品87和-1
2020-05-12 19:10:59,811 DEBUG [task-8] top.zhuky.audit.Fair [Fair.java : 31] 开始产品90和-1
2020-05-12 19:11:00,118 DEBUG [task-6] top.zhuky.audit.Fair [Fair.java : 53] 结束产品89和-1
2020-05-12 19:11:00,144 DEBUG [task-4] top.zhuky.audit.Fair [Fair.java : 53] 结束产品88和-1
2020-05-12 19:11:00,312 DEBUG [task-1] top.zhuky.audit.Fair [Fair.java : 53] 结束产品64和-1
2020-05-12 19:11:00,915 DEBUG [task-6] top.zhuky.audit.Fair [Fair.java : 31] 开始产品91和-1
2020-05-12 19:11:01,111 DEBUG [task-4] top.zhuky.audit.Fair [Fair.java : 31] 开始产品93和-1
2020-05-12 19:11:02,143 DEBUG [task-5] top.zhuky.audit.Fair [Fair.java : 53] 结束产品56和-1
2020-05-12 19:11:02,744 DEBUG [task-1] top.zhuky.audit.Fair [Fair.java : 31] 开始产品71和-1
2020-05-12 19:11:03,050 DEBUG [task-5] top.zhuky.audit.Fair [Fair.java : 31] 开始产品94和-1
2020-05-12 19:11:03,973 DEBUG [task-8] top.zhuky.audit.Fair [Fair.java : 53] 结束产品90和-1
2020-05-12 19:11:04,083 DEBUG [task-8] top.zhuky.audit.Fair [Fair.java : 31] 开始产品95和-1
2020-05-12 19:11:05,124 DEBUG [task-6] top.zhuky.audit.Fair [Fair.java : 53] 结束产品91和-1
2020-05-12 19:11:05,142 DEBUG [task-6] top.zhuky.audit.Fair [Fair.java : 31] 开始产品96和-1
2020-05-12 19:11:05,190 DEBUG [task-4] top.zhuky.audit.Fair [Fair.java : 53] 结束产品93和-1
2020-05-12 19:11:05,212 DEBUG [task-4] top.zhuky.audit.Fair [Fair.java : 31] 开始产品99和-1
2020-05-12 19:11:06,971 DEBUG [task-1] top.zhuky.audit.Fair [Fair.java : 53] 结束产品71和-1
2020-05-12 19:11:07,006 DEBUG [task-1] top.zhuky.audit.Fair [Fair.java : 31] 开始产品98和-1
2020-05-12 19:11:08,352 DEBUG [task-8] top.zhuky.audit.Fair [Fair.java : 53] 结束产品95和-1
2020-05-12 19:11:08,778 DEBUG [task-3] top.zhuky.audit.Fair [Fair.java : 53] 结束产品62和-1
2020-05-12 19:11:09,345 DEBUG [task-4] top.zhuky.audit.Fair [Fair.java : 53] 结束产品99和-1
2020-05-12 19:11:10,307 DEBUG [task-8] top.zhuky.audit.Fair [Fair.java : 31] 开始产品100和-1
2020-05-12 19:11:10,319 DEBUG [task-3] top.zhuky.audit.Fair [Fair.java : 31] 开始产品101和-1
2020-05-12 19:11:10,328 DEBUG [task-4] top.zhuky.audit.Fair [Fair.java : 31] 开始产品102和-1
2020-05-12 19:11:10,998 DEBUG [task-1] top.zhuky.audit.Fair [Fair.java : 53] 结束产品98和-1
2020-05-12 19:11:11,017 DEBUG [task-1] top.zhuky.audit.Fair [Fair.java : 31] 开始产品103和-1
2020-05-12 19:11:14,766 DEBUG [task-3] top.zhuky.audit.Fair [Fair.java : 53] 结束产品101和-1
2020-05-12 19:11:14,787 DEBUG [task-3] top.zhuky.audit.Fair [Fair.java : 31] 开始产品104和-1
2020-05-12 19:11:14,851 DEBUG [task-4] top.zhuky.audit.Fair [Fair.java : 53] 结束产品102和-1
2020-05-12 19:11:14,872 DEBUG [task-4] top.zhuky.audit.Fair [Fair.java : 31] 开始产品106和-1
2020-05-12 19:11:15,004 DEBUG [task-8] top.zhuky.audit.Fair [Fair.java : 53] 结束产品100和-1
2020-05-12 19:11:15,025 DEBUG [task-8] top.zhuky.audit.Fair [Fair.java : 31] 开始产品76和-1
2020-05-12 19:11:15,627 DEBUG [task-1] top.zhuky.audit.Fair [Fair.java : 53] 结束产品103和-1
2020-05-12 19:11:15,646 DEBUG [task-1] top.zhuky.audit.Fair [Fair.java : 31] 开始产品85和-1
2020-05-12 19:11:18,100 DEBUG [task-2] top.zhuky.audit.Fair [Fair.java : 53] 结束产品70和-1
2020-05-12 19:11:18,118 DEBUG [task-2] top.zhuky.audit.Fair [Fair.java : 31] 开始产品109和-1
2020-05-12 19:11:18,859 DEBUG [task-4] top.zhuky.audit.Fair [Fair.java : 53] 结束产品106和-1
2020-05-12 19:11:18,876 DEBUG [task-4] top.zhuky.audit.Fair [Fair.java : 31] 开始产品84和-1
2020-05-12 19:11:19,112 DEBUG [task-8] top.zhuky.audit.Fair [Fair.java : 53] 结束产品76和-1
2020-05-12 19:11:19,134 DEBUG [task-8] top.zhuky.audit.Fair [Fair.java : 31] 开始产品110和-1
2020-05-12 19:11:19,547 DEBUG [task-1] top.zhuky.audit.Fair [Fair.java : 53] 结束产品85和-1
2020-05-12 19:11:19,586 DEBUG [task-1] top.zhuky.audit.Fair [Fair.java : 31] 开始产品111和-1
2020-05-12 19:11:22,204 DEBUG [task-2] top.zhuky.audit.Fair [Fair.java : 53] 结束产品109和-1
2020-05-12 19:11:22,224 DEBUG [task-2] top.zhuky.audit.Fair [Fair.java : 31] 开始产品112和-1
2020-05-12 19:11:22,960 DEBUG [task-4] top.zhuky.audit.Fair [Fair.java : 53] 结束产品84和-1
2020-05-12 19:11:22,979 DEBUG [task-4] top.zhuky.audit.Fair [Fair.java : 31] 开始产品113和-1
2020-05-12 19:11:23,282 DEBUG [task-8] top.zhuky.audit.Fair [Fair.java : 53] 结束产品110和-1
2020-05-12 19:11:23,392 DEBUG [task-8] top.zhuky.audit.Fair [Fair.java : 31] 开始产品114和-1
2020-05-12 19:11:23,850 DEBUG [task-1] top.zhuky.audit.Fair [Fair.java : 53] 结束产品111和-1
2020-05-12 19:11:23,870 DEBUG [task-1] top.zhuky.audit.Fair [Fair.java : 31] 开始产品115和-1
2020-05-12 19:11:26,274 DEBUG [task-2] top.zhuky.audit.Fair [Fair.java : 53] 结束产品112和-1
2020-05-12 19:11:26,293 DEBUG [task-2] top.zhuky.audit.Fair [Fair.java : 31] 开始产品116和-1
2020-05-12 19:11:27,167 DEBUG [task-4] top.zhuky.audit.Fair [Fair.java : 53] 结束产品113和-1
2020-05-12 19:11:27,508 DEBUG [task-4] top.zhuky.audit.Fair [Fair.java : 31] 开始产品92和-1
2020-05-12 19:11:27,623 DEBUG [task-8] top.zhuky.audit.Fair [Fair.java : 53] 结束产品114和-1
2020-05-12 19:11:27,641 DEBUG [task-8] top.zhuky.audit.Fair [Fair.java : 31] 开始产品117和-1
2020-05-12 19:11:27,896 DEBUG [task-1] top.zhuky.audit.Fair [Fair.java : 53] 结束产品115和-1
2020-05-12 19:11:27,915 DEBUG [task-1] top.zhuky.audit.Fair [Fair.java : 31] 开始产品119和-1
2020-05-12 19:11:28,508 DEBUG [task-6] top.zhuky.audit.Fair [Fair.java : 53] 结束产品96和-1
2020-05-12 19:11:28,525 DEBUG [task-6] top.zhuky.audit.Fair [Fair.java : 31] 开始产品118和-1
2020-05-12 19:11:31,470 DEBUG [task-4] top.zhuky.audit.Fair [Fair.java : 53] 结束产品92和-1
2020-05-12 19:11:31,660 DEBUG [task-4] top.zhuky.audit.Fair [Fair.java : 31] 开始产品120和-1
2020-05-12 19:11:39,350 DEBUG [task-7] top.zhuky.audit.Fair [Fair.java : 53] 结束产品52和-1
2020-05-12 19:11:39,371 DEBUG [task-7] top.zhuky.audit.Fair [Fair.java : 31] 开始产品121和-1
2020-05-12 19:11:49,840 DEBUG [task-4] top.zhuky.audit.Fair [Fair.java : 53] 结束产品120和-1
2020-05-12 19:11:49,861 DEBUG [task-4] top.zhuky.audit.Fair [Fair.java : 31] 开始产品123和-1
2020-05-12 19:11:52,417 DEBUG [task-1] top.zhuky.audit.Fair [Fair.java : 53] 结束产品119和-1
2020-05-12 19:11:52,436 DEBUG [task-1] top.zhuky.audit.Fair [Fair.java : 31] 开始产品122和-1
2020-05-12 19:11:54,816 DEBUG [task-2] top.zhuky.audit.Fair [Fair.java : 53] 结束产品116和-1
2020-05-12 19:11:54,835 DEBUG [task-2] top.zhuky.audit.Fair [Fair.java : 31] 开始产品126和-1
2020-05-12 19:11:55,813 DEBUG [task-4] top.zhuky.audit.Fair [Fair.java : 53] 结束产品123和-1
2020-05-12 19:11:55,832 DEBUG [task-4] top.zhuky.audit.Fair [Fair.java : 31] 开始产品97和-1
2020-05-12 19:11:58,786 DEBUG [task-2] top.zhuky.audit.Fair [Fair.java : 53] 结束产品126和-1
2020-05-12 19:11:59,022 DEBUG [task-8] top.zhuky.audit.Fair [Fair.java : 53] 结束产品117和-1
2020-05-12 19:12:01,690 DEBUG [task-2] top.zhuky.audit.Fair [Fair.java : 31] 开始产品105和-1
2020-05-12 19:12:01,692 DEBUG [task-8] top.zhuky.audit.Fair [Fair.java : 31] 开始产品128和-1
2020-05-12 19:12:01,915 DEBUG [task-4] top.zhuky.audit.Fair [Fair.java : 53] 结束产品97和-1
2020-05-12 19:12:01,936 DEBUG [task-4] top.zhuky.audit.Fair [Fair.java : 31] 开始产品129和-1
2020-05-12 19:12:02,301 DEBUG [task-7] top.zhuky.audit.Fair [Fair.java : 53] 结束产品121和-1
2020-05-12 19:12:02,320 DEBUG [task-7] top.zhuky.audit.Fair [Fair.java : 31] 开始产品131和-1
2020-05-12 19:12:03,106 DEBUG [task-6] top.zhuky.audit.Fair [Fair.java : 53] 结束产品118和-1
2020-05-12 19:12:03,125 DEBUG [task-6] top.zhuky.audit.Fair [Fair.java : 31] 开始产品130和-1
2020-05-12 19:12:04,677 DEBUG [task-1] top.zhuky.audit.Fair [Fair.java : 53] 结束产品122和-1
2020-05-12 19:12:04,696 DEBUG [task-1] top.zhuky.audit.Fair [Fair.java : 31] 开始产品107和-1
2020-05-12 19:12:05,715 DEBUG [task-8] top.zhuky.audit.Fair [Fair.java : 53] 结束产品128和-1
2020-05-12 19:12:05,736 DEBUG [task-8] top.zhuky.audit.Fair [Fair.java : 31] 开始产品132和-1
2020-05-12 19:12:07,339 DEBUG [task-6] top.zhuky.audit.Fair [Fair.java : 53] 结束产品130和-1
2020-05-12 19:12:07,360 DEBUG [task-6] top.zhuky.audit.Fair [Fair.java : 31] 开始产品134和-1
2020-05-12 19:12:09,073 DEBUG [task-1] top.zhuky.audit.Fair [Fair.java : 53] 结束产品107和-1
2020-05-12 19:12:09,095 DEBUG [task-1] top.zhuky.audit.Fair [Fair.java : 31] 开始产品133和-1
2020-05-12 19:12:10,029 DEBUG [task-8] top.zhuky.audit.Fair [Fair.java : 53] 结束产品132和-1
2020-05-12 19:12:10,047 DEBUG [task-8] top.zhuky.audit.Fair [Fair.java : 31] 开始产品135和-1
2020-05-12 19:12:11,742 DEBUG [task-6] top.zhuky.audit.Fair [Fair.java : 53] 结束产品134和-1
2020-05-12 19:12:13,540 DEBUG [task-6] top.zhuky.audit.Fair [Fair.java : 31] 开始产品136和-1
2020-05-12 19:12:14,020 DEBUG [task-8] top.zhuky.audit.Fair [Fair.java : 53] 结束产品135和-1
2020-05-12 19:12:14,043 DEBUG [task-8] top.zhuky.audit.Fair [Fair.java : 31] 开始产品138和-1
2020-05-12 19:12:17,830 DEBUG [task-6] top.zhuky.audit.Fair [Fair.java : 53] 结束产品136和-1
2020-05-12 19:12:17,850 DEBUG [task-6] top.zhuky.audit.Fair [Fair.java : 31] 开始产品108和-1
2020-05-12 19:12:18,139 DEBUG [task-8] top.zhuky.audit.Fair [Fair.java : 53] 结束产品138和-1
2020-05-12 19:12:18,156 DEBUG [task-8] top.zhuky.audit.Fair [Fair.java : 31] 开始产品125和-1
2020-05-12 19:12:21,912 DEBUG [task-6] top.zhuky.audit.Fair [Fair.java : 53] 结束产品108和-1
2020-05-12 19:12:21,932 DEBUG [task-6] top.zhuky.audit.Fair [Fair.java : 31] 开始产品141和-1
2020-05-12 19:12:22,317 DEBUG [task-8] top.zhuky.audit.Fair [Fair.java : 53] 结束产品125和-1
2020-05-12 19:12:22,339 DEBUG [task-8] top.zhuky.audit.Fair [Fair.java : 31] 开始产品124和-1
2020-05-12 19:12:25,775 DEBUG [task-5] top.zhuky.audit.Fair [Fair.java : 53] 结束产品94和-1
2020-05-12 19:12:25,945 DEBUG [task-6] top.zhuky.audit.Fair [Fair.java : 53] 结束产品141和-1
2020-05-12 19:12:26,051 DEBUG [task-5] top.zhuky.audit.Fair [Fair.java : 31] 开始产品142和-1
2020-05-12 19:12:26,052 DEBUG [task-6] top.zhuky.audit.Fair [Fair.java : 31] 开始产品143和-1
2020-05-12 19:12:26,423 DEBUG [task-8] top.zhuky.audit.Fair [Fair.java : 53] 结束产品124和-1
2020-05-12 19:12:26,442 DEBUG [task-8] top.zhuky.audit.Fair [Fair.java : 31] 开始产品145和-1
2020-05-12 19:12:29,632 DEBUG [task-3] top.zhuky.audit.Fair [Fair.java : 53] 结束产品104和-1
2020-05-12 19:12:29,648 DEBUG [task-3] top.zhuky.audit.Fair [Fair.java : 31] 开始产品127和-1
2020-05-12 19:12:30,037 DEBUG [task-5] top.zhuky.audit.Fair [Fair.java : 53] 结束产品142和-1
2020-05-12 19:12:30,057 DEBUG [task-5] top.zhuky.audit.Fair [Fair.java : 31] 开始产品147和-1
2020-05-12 19:12:30,075 DEBUG [task-6] top.zhuky.audit.Fair [Fair.java : 53] 结束产品143和-1
2020-05-12 19:12:30,095 DEBUG [task-6] top.zhuky.audit.Fair [Fair.java : 31] 开始产品148和-1
2020-05-12 19:12:34,102 DEBUG [task-6] top.zhuky.audit.Fair [Fair.java : 53] 结束产品148和-1
2020-05-12 19:12:34,360 DEBUG [task-5] top.zhuky.audit.Fair [Fair.java : 53] 结束产品147和-1
2020-05-12 19:12:34,493 DEBUG [task-5] top.zhuky.audit.Fair [Fair.java : 31] 开始产品137和-1
2020-05-12 19:12:34,500 DEBUG [task-6] top.zhuky.audit.Fair [Fair.java : 31] 开始产品149和-1
2020-05-12 19:12:38,483 DEBUG [task-8] top.zhuky.audit.Fair [Fair.java : 53] 结束产品145和-1
2020-05-12 19:12:38,503 DEBUG [task-8] top.zhuky.audit.Fair [Fair.java : 31] 开始产品139和-1
2020-05-12 19:12:38,738 DEBUG [task-6] top.zhuky.audit.Fair [Fair.java : 53] 结束产品149和-1
2020-05-12 19:12:38,753 DEBUG [task-5] top.zhuky.audit.Fair [Fair.java : 53] 结束产品137和-1
2020-05-12 19:12:38,757 DEBUG [task-6] top.zhuky.audit.Fair [Fair.java : 31] 开始产品153和-1
2020-05-12 19:12:38,771 DEBUG [task-5] top.zhuky.audit.Fair [Fair.java : 31] 开始产品140和-1
2020-05-12 19:12:43,177 DEBUG [task-6] top.zhuky.audit.Fair [Fair.java : 53] 结束产品153和-1
2020-05-12 19:12:43,196 DEBUG [task-6] top.zhuky.audit.Fair [Fair.java : 31] 开始产品154和-1
2020-05-12 19:12:43,233 DEBUG [task-8] top.zhuky.audit.Fair [Fair.java : 53] 结束产品139和-1
2020-05-12 19:12:43,253 DEBUG [task-8] top.zhuky.audit.Fair [Fair.java : 31] 开始产品155和-1
2020-05-12 19:12:46,457 DEBUG [task-2] top.zhuky.audit.Fair [Fair.java : 53] 结束产品105和-1
2020-05-12 19:12:46,474 DEBUG [task-2] top.zhuky.audit.Fair [Fair.java : 31] 开始产品146和-1
2020-05-12 19:12:47,287 DEBUG [task-8] top.zhuky.audit.Fair [Fair.java : 53] 结束产品155和-1
2020-05-12 19:12:47,305 DEBUG [task-8] top.zhuky.audit.Fair [Fair.java : 31] 开始产品156和-1
2020-05-12 19:12:47,521 DEBUG [task-6] top.zhuky.audit.Fair [Fair.java : 53] 结束产品154和-1
2020-05-12 19:12:47,541 DEBUG [task-6] top.zhuky.audit.Fair [Fair.java : 31] 开始产品157和-1
2020-05-12 19:12:50,339 DEBUG [task-2] top.zhuky.audit.Fair [Fair.java : 53] 结束产品146和-1
2020-05-12 19:12:51,279 DEBUG [task-8] top.zhuky.audit.Fair [Fair.java : 53] 结束产品156和-1
2020-05-12 19:12:51,480 DEBUG [task-6] top.zhuky.audit.Fair [Fair.java : 53] 结束产品157和-1
2020-05-12 19:12:51,851 DEBUG [task-2] top.zhuky.audit.Fair [Fair.java : 31] 开始产品158和-1
2020-05-12 19:12:51,855 DEBUG [task-8] top.zhuky.audit.Fair [Fair.java : 31] 开始产品159和-1
2020-05-12 19:12:51,855 DEBUG [task-6] top.zhuky.audit.Fair [Fair.java : 31] 开始产品161和-1
2020-05-12 19:12:54,623 DEBUG [task-7] top.zhuky.audit.Fair [Fair.java : 53] 结束产品131和-1
2020-05-12 19:12:55,622 DEBUG [task-7] top.zhuky.audit.Fair [Fair.java : 31] 开始产品162和-1
2020-05-12 19:12:55,840 DEBUG [task-2] top.zhuky.audit.Fair [Fair.java : 53] 结束产品158和-1
2020-05-12 19:12:55,958 DEBUG [task-2] top.zhuky.audit.Fair [Fair.java : 31] 开始产品144和-1
2020-05-12 19:12:59,772 DEBUG [task-7] top.zhuky.audit.Fair [Fair.java : 53] 结束产品162和-1
2020-05-12 19:12:59,911 DEBUG [task-7] top.zhuky.audit.Fair [Fair.java : 31] 开始产品160和-1
2020-05-12 19:12:59,963 DEBUG [task-2] top.zhuky.audit.Fair [Fair.java : 53] 结束产品144和-1
2020-05-12 19:12:59,981 DEBUG [task-2] top.zhuky.audit.Fair [Fair.java : 31] 开始产品165和-1
2020-05-12 19:13:07,498 DEBUG [task-4] top.zhuky.audit.Fair [Fair.java : 53] 结束产品129和-1
2020-05-12 19:13:07,518 DEBUG [task-4] top.zhuky.audit.Fair [Fair.java : 31] 开始产品164和-1
2020-05-12 19:13:28,944 DEBUG [task-3] top.zhuky.audit.Fair [Fair.java : 53] 结束产品127和-1
2020-05-12 19:13:28,962 DEBUG [task-3] top.zhuky.audit.Fair [Fair.java : 31] 开始产品166和-1
2020-05-12 19:13:31,088 DEBUG [task-2] top.zhuky.audit.Fair [Fair.java : 53] 结束产品165和-1
2020-05-12 19:13:31,106 DEBUG [task-2] top.zhuky.audit.Fair [Fair.java : 31] 开始产品163和-1
2020-05-12 19:13:39,057 DEBUG [task-6] top.zhuky.audit.Fair [Fair.java : 53] 结束产品161和-1
2020-05-12 19:13:39,076 DEBUG [task-6] top.zhuky.audit.Fair [Fair.java : 31] 开始产品168和-1
2020-05-12 19:13:39,834 DEBUG [task-1] top.zhuky.audit.Fair [Fair.java : 53] 结束产品133和-1
2020-05-12 19:13:39,854 DEBUG [task-1] top.zhuky.audit.Fair [Fair.java : 31] 开始产品169和-1
2020-05-12 19:13:43,161 DEBUG [task-6] top.zhuky.audit.Fair [Fair.java : 53] 结束产品168和-1
2020-05-12 19:13:43,268 DEBUG [task-6] top.zhuky.audit.Fair [Fair.java : 31] 开始产品170和-1
2020-05-12 19:13:48,485 DEBUG [task-2] top.zhuky.audit.Fair [Fair.java : 53] 结束产品163和-1
2020-05-12 19:13:48,516 DEBUG [task-2] top.zhuky.audit.Fair [Fair.java : 31] 开始产品171和-1
2020-05-12 19:13:52,585 DEBUG [task-3] top.zhuky.audit.Fair [Fair.java : 53] 结束产品166和-1
2020-05-12 19:13:52,785 DEBUG [task-3] top.zhuky.audit.Fair [Fair.java : 31] 开始产品172和-1
2020-05-12 19:13:53,171 DEBUG [task-5] top.zhuky.audit.Fair [Fair.java : 53] 结束产品140和-1
2020-05-12 19:13:53,190 DEBUG [task-5] top.zhuky.audit.Fair [Fair.java : 31] 开始产品174和-1
2020-05-12 19:13:54,214 DEBUG [task-8] top.zhuky.audit.Fair [Fair.java : 53] 结束产品159和-1
2020-05-12 19:13:54,231 DEBUG [task-8] top.zhuky.audit.Fair [Fair.java : 31] 开始产品151和-1
2020-05-12 19:13:57,162 DEBUG [task-1] top.zhuky.audit.Fair [Fair.java : 53] 结束产品169和-1
2020-05-12 19:13:57,181 DEBUG [task-1] top.zhuky.audit.Fair [Fair.java : 31] 开始产品175和-1
2020-05-12 19:13:58,032 DEBUG [task-5] top.zhuky.audit.Fair [Fair.java : 53] 结束产品174和-1
2020-05-12 19:13:58,051 DEBUG [task-5] top.zhuky.audit.Fair [Fair.java : 31] 开始产品176和-1
2020-05-12 19:14:00,845 DEBUG [task-6] top.zhuky.audit.Fair [Fair.java : 53] 结束产品170和-1
2020-05-12 19:14:00,860 DEBUG [task-6] top.zhuky.audit.Fair [Fair.java : 31] 开始产品177和-1
2020-05-12 19:14:04,952 DEBUG [task-6] top.zhuky.audit.Fair [Fair.java : 53] 结束产品177和-1
2020-05-12 19:14:04,972 DEBUG [task-6] top.zhuky.audit.Fair [Fair.java : 31] 开始产品178和-1
2020-05-12 19:14:09,073 DEBUG [task-6] top.zhuky.audit.Fair [Fair.java : 53] 结束产品178和-1
2020-05-12 19:14:10,793 DEBUG [task-6] top.zhuky.audit.Fair [Fair.java : 31] 开始产品150和-1
2020-05-12 19:14:13,417 DEBUG [task-7] top.zhuky.audit.Fair [Fair.java : 53] 结束产品160和-1
2020-05-12 19:14:13,436 DEBUG [task-7] top.zhuky.audit.Fair [Fair.java : 31] 开始产品181和-1
2020-05-12 19:14:21,890 DEBUG [task-3] top.zhuky.audit.Fair [Fair.java : 53] 结束产品172和-1
2020-05-12 19:14:21,909 DEBUG [task-3] top.zhuky.audit.Fair [Fair.java : 31] 开始产品167和-1
2020-05-12 19:14:26,076 DEBUG [task-3] top.zhuky.audit.Fair [Fair.java : 53] 结束产品167和-1
2020-05-12 19:14:26,521 DEBUG [task-3] top.zhuky.audit.Fair [Fair.java : 31] 开始产品182和-1
2020-05-12 19:14:27,447 DEBUG [task-4] top.zhuky.audit.Fair [Fair.java : 53] 结束产品164和-1
2020-05-12 19:14:27,466 DEBUG [task-4] top.zhuky.audit.Fair [Fair.java : 31] 开始产品183和-1
2020-05-12 19:14:28,481 DEBUG [task-2] top.zhuky.audit.Fair [Fair.java : 53] 结束产品171和-1
2020-05-12 19:14:28,501 DEBUG [task-2] top.zhuky.audit.Fair [Fair.java : 31] 开始产品184和-1
2020-05-12 19:14:51,026 DEBUG [task-3] top.zhuky.audit.Fair [Fair.java : 53] 结束产品182和-1
2020-05-12 19:14:51,050 DEBUG [task-3] top.zhuky.audit.Fair [Fair.java : 31] 开始产品186和-1
2020-05-12 19:14:59,291 DEBUG [task-8] top.zhuky.audit.Fair [Fair.java : 53] 结束产品151和-1
2020-05-12 19:14:59,310 DEBUG [task-8] top.zhuky.audit.Fair [Fair.java : 31] 开始产品187和-1
2020-05-12 19:15:00,980 DEBUG [task-3] top.zhuky.audit.Fair [Fair.java : 53] 结束产品186和-1
2020-05-12 19:15:00,998 DEBUG [task-3] top.zhuky.audit.Fair [Fair.java : 31] 开始产品152和-1
2020-05-12 19:15:08,891 DEBUG [task-1] top.zhuky.audit.Fair [Fair.java : 53] 结束产品175和-1
2020-05-12 19:15:08,913 DEBUG [task-1] top.zhuky.audit.Fair [Fair.java : 31] 开始产品189和-1
2020-05-12 19:15:12,949 DEBUG [task-1] top.zhuky.audit.Fair [Fair.java : 53] 结束产品189和-1
2020-05-12 19:15:12,987 DEBUG [task-1] top.zhuky.audit.Fair [Fair.java : 31] 开始产品190和-1
2020-05-12 19:15:13,669 DEBUG [task-5] top.zhuky.audit.Fair [Fair.java : 53] 结束产品176和-1
2020-05-12 19:15:13,908 DEBUG [task-5] top.zhuky.audit.Fair [Fair.java : 31] 开始产品192和-1
2020-05-12 19:15:23,929 DEBUG [task-1] top.zhuky.audit.Fair [Fair.java : 53] 结束产品190和-1
2020-05-12 19:15:23,950 DEBUG [task-1] top.zhuky.audit.Fair [Fair.java : 31] 开始产品193和-1
2020-05-12 19:15:26,411 DEBUG [task-7] top.zhuky.audit.Fair [Fair.java : 53] 结束产品181和-1
2020-05-12 19:15:26,429 DEBUG [task-7] top.zhuky.audit.Fair [Fair.java : 31] 开始产品173和-1
2020-05-12 19:15:26,704 DEBUG [task-2] top.zhuky.audit.Fair [Fair.java : 53] 结束产品184和-1
2020-05-12 19:15:26,724 DEBUG [task-2] top.zhuky.audit.Fair [Fair.java : 31] 开始产品194和-1
2020-05-12 19:15:27,868 DEBUG [task-6] top.zhuky.audit.Fair [Fair.java : 53] 结束产品150和-1
2020-05-12 19:15:28,234 DEBUG [task-1] top.zhuky.audit.Fair [Fair.java : 53] 结束产品193和-1
2020-05-12 19:15:28,377 DEBUG [task-6] top.zhuky.audit.Fair [Fair.java : 31] 开始产品195和-1
2020-05-12 19:15:28,382 DEBUG [task-1] top.zhuky.audit.Fair [Fair.java : 31] 开始产品196和-1
2020-05-12 19:15:30,823 DEBUG [task-2] top.zhuky.audit.Fair [Fair.java : 53] 结束产品194和-1
2020-05-12 19:15:30,843 DEBUG [task-2] top.zhuky.audit.Fair [Fair.java : 31] 开始产品198和-1
2020-05-12 19:15:31,168 DEBUG [task-7] top.zhuky.audit.Fair [Fair.java : 53] 结束产品173和-1
2020-05-12 19:15:31,189 DEBUG [task-7] top.zhuky.audit.Fair [Fair.java : 31] 开始产品197和-1
2020-05-12 19:15:41,090 DEBUG [task-4] top.zhuky.audit.Fair [Fair.java : 53] 结束产品183和-1
2020-05-12 19:15:41,112 DEBUG [task-4] top.zhuky.audit.Fair [Fair.java : 31] 开始产品199和-1
2020-05-12 19:15:54,432 DEBUG [task-5] top.zhuky.audit.Fair [Fair.java : 53] 结束产品192和-1
2020-05-12 19:15:54,451 DEBUG [task-5] top.zhuky.audit.Fair [Fair.java : 31] 开始产品200和-1
2020-05-12 19:15:54,522 DEBUG [task-2] top.zhuky.audit.Fair [Fair.java : 53] 结束产品198和-1
2020-05-12 19:15:54,543 DEBUG [task-2] top.zhuky.audit.Fair [Fair.java : 31] 开始产品201和-1
2020-05-12 19:15:58,565 DEBUG [task-2] top.zhuky.audit.Fair [Fair.java : 53] 结束产品201和-1
2020-05-12 19:15:58,583 DEBUG [task-2] top.zhuky.audit.Fair [Fair.java : 31] 开始产品202和-1
2020-05-12 19:15:58,996 DEBUG [task-7] top.zhuky.audit.Fair [Fair.java : 53] 结束产品197和-1
2020-05-12 19:15:59,014 DEBUG [task-7] top.zhuky.audit.Fair [Fair.java : 31] 开始产品203和-1
2020-05-12 19:16:03,440 DEBUG [task-3] top.zhuky.audit.Fair [Fair.java : 53] 结束产品152和-1
2020-05-12 19:16:03,460 DEBUG [task-3] top.zhuky.audit.Fair [Fair.java : 31] 开始产品204和-1
2020-05-12 19:16:03,860 DEBUG [task-6] top.zhuky.audit.Fair [Fair.java : 53] 结束产品195和-1
2020-05-12 19:16:03,879 DEBUG [task-6] top.zhuky.audit.Fair [Fair.java : 31] 开始产品205和-1
2020-05-12 19:16:05,632 DEBUG [task-1] top.zhuky.audit.Fair [Fair.java : 53] 结束产品196和-1
2020-05-12 19:16:05,652 DEBUG [task-1] top.zhuky.audit.Fair [Fair.java : 31] 开始产品206和-1
2020-05-12 19:16:08,019 DEBUG [task-6] top.zhuky.audit.Fair [Fair.java : 53] 结束产品205和-1
2020-05-12 19:16:08,040 DEBUG [task-6] top.zhuky.audit.Fair [Fair.java : 31] 开始产品207和-1
2020-05-12 19:16:08,567 DEBUG [task-8] top.zhuky.audit.Fair [Fair.java : 53] 结束产品187和-1
2020-05-12 19:16:09,777 DEBUG [task-1] top.zhuky.audit.Fair [Fair.java : 53] 结束产品206和-1
2020-05-12 19:16:11,013 DEBUG [task-3] top.zhuky.audit.Fair [Fair.java : 53] 结束产品204和-1
2020-05-12 19:16:11,086 DEBUG [task-4] top.zhuky.audit.Fair [Fair.java : 53] 结束产品199和-1
2020-05-12 19:16:11,111 DEBUG [task-8] top.zhuky.audit.Fair [Fair.java : 31] 开始产品208和-1
2020-05-12 19:16:11,123 DEBUG [task-1] top.zhuky.audit.Fair [Fair.java : 31] 开始产品209和-1
2020-05-12 19:16:11,123 DEBUG [task-3] top.zhuky.audit.Fair [Fair.java : 31] 开始产品210和-1
2020-05-12 19:16:11,133 DEBUG [task-4] top.zhuky.audit.Fair [Fair.java : 31] 开始产品211和-1
2020-05-12 19:16:12,049 DEBUG [task-6] top.zhuky.audit.Fair [Fair.java : 53] 结束产品207和-1
2020-05-12 19:16:12,068 DEBUG [task-6] top.zhuky.audit.Fair [Fair.java : 31] 开始产品401和-1
2020-05-12 19:16:15,147 DEBUG [task-1] top.zhuky.audit.Fair [Fair.java : 53] 结束产品209和-1
2020-05-12 19:16:15,165 DEBUG [task-1] top.zhuky.audit.Fair [Fair.java : 31] 开始产品405和-1
2020-05-12 19:16:15,200 DEBUG [task-3] top.zhuky.audit.Fair [Fair.java : 53] 结束产品210和-1
2020-05-12 19:16:15,217 DEBUG [task-3] top.zhuky.audit.Fair [Fair.java : 31] 开始产品406和-1
2020-05-12 19:16:15,502 DEBUG [task-8] top.zhuky.audit.Fair [Fair.java : 53] 结束产品208和-1
2020-05-12 19:16:15,522 DEBUG [task-8] top.zhuky.audit.Fair [Fair.java : 31] 开始产品407和-1
2020-05-12 19:16:17,116 DEBUG [task-4] top.zhuky.audit.Fair [Fair.java : 53] 结束产品211和-1
2020-05-12 19:16:17,141 DEBUG [task-4] top.zhuky.audit.Fair [Fair.java : 31] 开始产品408和-1
2020-05-12 19:16:19,526 DEBUG [task-5] top.zhuky.audit.Fair [Fair.java : 53] 结束产品200和-1
2020-05-12 19:16:19,546 DEBUG [task-5] top.zhuky.audit.Fair [Fair.java : 31] 开始产品409和-1
2020-05-12 19:16:20,148 DEBUG [task-3] top.zhuky.audit.Fair [Fair.java : 53] 结束产品406和-1
2020-05-12 19:16:20,171 DEBUG [task-3] top.zhuky.audit.Fair [Fair.java : 31] 开始产品410和-1
2020-05-12 19:16:21,281 DEBUG [task-4] top.zhuky.audit.Fair [Fair.java : 53] 结束产品408和-1
2020-05-12 19:16:21,330 DEBUG [task-4] top.zhuky.audit.Fair [Fair.java : 31] 开始产品411和-1
2020-05-12 19:16:23,888 DEBUG [task-5] top.zhuky.audit.Fair [Fair.java : 53] 结束产品409和-1
2020-05-12 19:16:23,922 DEBUG [task-5] top.zhuky.audit.Fair [Fair.java : 31] 开始产品191和-1
2020-05-12 19:16:25,563 DEBUG [task-7] top.zhuky.audit.Fair [Fair.java : 53] 结束产品203和-1
2020-05-12 19:16:25,738 DEBUG [task-7] top.zhuky.audit.Fair [Fair.java : 31] 开始产品414和-1
2020-05-12 19:16:25,978 DEBUG [task-2] top.zhuky.audit.Fair [Fair.java : 53] 结束产品202和-1
2020-05-12 19:16:26,023 DEBUG [task-2] top.zhuky.audit.Fair [Fair.java : 31] 开始产品179和-1
2020-05-12 19:16:26,289 DEBUG [task-4] top.zhuky.audit.Fair [Fair.java : 53] 结束产品411和-1
2020-05-12 19:16:26,313 DEBUG [task-4] top.zhuky.audit.Fair [Fair.java : 31] 开始产品416和-1
2020-05-12 19:16:30,126 DEBUG [task-2] top.zhuky.audit.Fair [Fair.java : 53] 结束产品179和-1
2020-05-12 19:16:30,147 DEBUG [task-2] top.zhuky.audit.Fair [Fair.java : 31] 开始产品415和-1
2020-05-12 19:16:30,382 DEBUG [task-4] top.zhuky.audit.Fair [Fair.java : 53] 结束产品416和-1
2020-05-12 19:16:30,401 DEBUG [task-4] top.zhuky.audit.Fair [Fair.java : 31] 开始产品417和-1
2020-05-12 19:16:33,130 DEBUG [task-5] top.zhuky.audit.Fair [Fair.java : 53] 结束产品191和-1
2020-05-12 19:16:33,150 DEBUG [task-5] top.zhuky.audit.Fair [Fair.java : 31] 开始产品418和-1
2020-05-12 19:16:33,795 DEBUG [task-7] top.zhuky.audit.Fair [Fair.java : 53] 结束产品414和-1
2020-05-12 19:16:33,815 DEBUG [task-7] top.zhuky.audit.Fair [Fair.java : 31] 开始产品419和-1
2020-05-12 19:16:33,861 DEBUG [task-8] top.zhuky.audit.Fair [Fair.java : 53] 结束产品407和-1
2020-05-12 19:16:33,881 DEBUG [task-8] top.zhuky.audit.Fair [Fair.java : 31] 开始产品420和-1
2020-05-12 19:16:34,383 DEBUG [task-2] top.zhuky.audit.Fair [Fair.java : 53] 结束产品415和-1
2020-05-12 19:16:34,402 DEBUG [task-2] top.zhuky.audit.Fair [Fair.java : 31] 开始产品421和-1
2020-05-12 19:16:34,693 DEBUG [task-4] top.zhuky.audit.Fair [Fair.java : 53] 结束产品417和-1
2020-05-12 19:16:34,712 DEBUG [task-4] top.zhuky.audit.Fair [Fair.java : 31] 开始产品423和-1
2020-05-12 19:16:36,118 DEBUG [task-3] top.zhuky.audit.Fair [Fair.java : 53] 结束产品410和-1
2020-05-12 19:16:36,138 DEBUG [task-3] top.zhuky.audit.Fair [Fair.java : 31] 开始产品180和-1
2020-05-12 19:16:37,957 DEBUG [task-8] top.zhuky.audit.Fair [Fair.java : 53] 结束产品420和-1
2020-05-12 19:16:37,994 DEBUG [task-7] top.zhuky.audit.Fair [Fair.java : 53] 结束产品419和-1
2020-05-12 19:16:38,017 DEBUG [task-8] top.zhuky.audit.Fair [Fair.java : 31] 开始产品425和-1
2020-05-12 19:16:38,033 DEBUG [task-7] top.zhuky.audit.Fair [Fair.java : 31] 开始产品424和-1
2020-05-12 19:16:42,134 DEBUG [task-7] top.zhuky.audit.Fair [Fair.java : 53] 结束产品424和-1
2020-05-12 19:16:42,153 DEBUG [task-7] top.zhuky.audit.Fair [Fair.java : 31] 开始产品426和-1
2020-05-12 19:16:42,345 DEBUG [task-2] top.zhuky.audit.Fair [Fair.java : 53] 结束产品421和-1
2020-05-12 19:16:42,362 DEBUG [task-2] top.zhuky.audit.Fair [Fair.java : 31] 开始产品427和-1
2020-05-12 19:16:43,352 DEBUG [task-4] top.zhuky.audit.Fair [Fair.java : 53] 结束产品423和-1
2020-05-12 19:16:43,370 DEBUG [task-4] top.zhuky.audit.Fair [Fair.java : 31] 开始产品185和-1
2020-05-12 19:16:49,785 DEBUG [task-5] top.zhuky.audit.Fair [Fair.java : 53] 结束产品418和-1
2020-05-12 19:16:49,894 DEBUG [task-5] top.zhuky.audit.Fair [Fair.java : 31] 开始产品428和-1
2020-05-12 19:16:54,364 DEBUG [task-5] top.zhuky.audit.Fair [Fair.java : 53] 结束产品428和-1
2020-05-12 19:16:54,385 DEBUG [task-5] top.zhuky.audit.Fair [Fair.java : 31] 开始产品429和-1
2020-05-12 19:16:58,887 DEBUG [task-7] top.zhuky.audit.Fair [Fair.java : 53] 结束产品426和-1
2020-05-12 19:16:59,249 DEBUG [task-7] top.zhuky.audit.Fair [Fair.java : 31] 开始产品430和-1
2020-05-12 19:17:00,452 DEBUG [task-5] top.zhuky.audit.Fair [Fair.java : 53] 结束产品429和-1
2020-05-12 19:17:00,471 DEBUG [task-5] top.zhuky.audit.Fair [Fair.java : 31] 开始产品431和-1
2020-05-12 19:17:02,720 DEBUG [task-6] top.zhuky.audit.Fair [Fair.java : 53] 结束产品401和-1
2020-05-12 19:17:02,739 DEBUG [task-6] top.zhuky.audit.Fair [Fair.java : 31] 开始产品432和-1
2020-05-12 19:17:05,508 DEBUG [task-7] top.zhuky.audit.Fair [Fair.java : 53] 结束产品430和-1
2020-05-12 19:17:05,547 DEBUG [task-7] top.zhuky.audit.Fair [Fair.java : 31] 开始产品435和-1
2020-05-12 19:17:06,762 DEBUG [task-6] top.zhuky.audit.Fair [Fair.java : 53] 结束产品432和-1
2020-05-12 19:17:06,779 DEBUG [task-6] top.zhuky.audit.Fair [Fair.java : 31] 开始产品188和-1
2020-05-12 19:17:09,596 DEBUG [task-7] top.zhuky.audit.Fair [Fair.java : 53] 结束产品435和-1
2020-05-12 19:17:09,613 DEBUG [task-7] top.zhuky.audit.Fair [Fair.java : 31] 开始产品437和-1
2020-05-12 19:17:12,263 DEBUG [task-4] top.zhuky.audit.Fair [Fair.java : 53] 结束产品185和-1
2020-05-12 19:17:12,298 DEBUG [task-4] top.zhuky.audit.Fair [Fair.java : 31] 开始产品412和-1
2020-05-12 19:17:13,608 DEBUG [task-7] top.zhuky.audit.Fair [Fair.java : 53] 结束产品437和-1
2020-05-12 19:17:13,767 DEBUG [task-7] top.zhuky.audit.Fair [Fair.java : 31] 开始产品439和-1
2020-05-12 19:17:16,469 DEBUG [task-6] top.zhuky.audit.Fair [Fair.java : 53] 结束产品188和-1
2020-05-12 19:17:17,368 DEBUG [task-6] top.zhuky.audit.Fair [Fair.java : 31] 开始产品440和-1
2020-05-12 19:17:17,889 DEBUG [task-7] top.zhuky.audit.Fair [Fair.java : 53] 结束产品439和-1
2020-05-12 19:17:17,909 DEBUG [task-7] top.zhuky.audit.Fair [Fair.java : 31] 开始产品441和-1
2020-05-12 19:17:18,453 DEBUG [task-1] top.zhuky.audit.Fair [Fair.java : 53] 结束产品405和-1
2020-05-12 19:17:18,469 DEBUG [task-1] top.zhuky.audit.Fair [Fair.java : 31] 开始产品413和-1
2020-05-12 19:17:22,047 DEBUG [task-6] top.zhuky.audit.Fair [Fair.java : 53] 结束产品440和-1
2020-05-12 19:17:22,066 DEBUG [task-6] top.zhuky.audit.Fair [Fair.java : 31] 开始产品442和-1
2020-05-12 19:17:22,401 DEBUG [task-7] top.zhuky.audit.Fair [Fair.java : 53] 结束产品441和-1
2020-05-12 19:17:22,424 DEBUG [task-7] top.zhuky.audit.Fair [Fair.java : 31] 开始产品443和-1
2020-05-12 19:17:26,530 DEBUG [task-6] top.zhuky.audit.Fair [Fair.java : 53] 结束产品442和-1
2020-05-12 19:17:26,550 DEBUG [task-6] top.zhuky.audit.Fair [Fair.java : 31] 开始产品422和-1
2020-05-12 19:17:31,626 DEBUG [task-2] top.zhuky.audit.Fair [Fair.java : 53] 结束产品427和-1
2020-05-12 19:17:31,647 DEBUG [task-2] top.zhuky.audit.Fair [Fair.java : 31] 开始产品445和-1
2020-05-12 19:17:32,760 DEBUG [task-4] top.zhuky.audit.Fair [Fair.java : 53] 结束产品412和-1
2020-05-12 19:17:32,781 DEBUG [task-4] top.zhuky.audit.Fair [Fair.java : 31] 开始产品446和-1
2020-05-12 19:17:34,437 DEBUG [task-5] top.zhuky.audit.Fair [Fair.java : 53] 结束产品431和-1
2020-05-12 19:17:34,458 DEBUG [task-5] top.zhuky.audit.Fair [Fair.java : 31] 开始产品447和-1
2020-05-12 19:17:35,492 DEBUG [task-8] top.zhuky.audit.Fair [Fair.java : 53] 结束产品425和-1
2020-05-12 19:17:35,544 DEBUG [task-8] top.zhuky.audit.Fair [Fair.java : 31] 开始产品448和-1
2020-05-12 19:17:38,813 DEBUG [task-5] top.zhuky.audit.Fair [Fair.java : 53] 结束产品447和-1
2020-05-12 19:17:38,853 DEBUG [task-5] top.zhuky.audit.Fair [Fair.java : 31] 开始产品450和-1
2020-05-12 19:17:39,509 DEBUG [task-1] top.zhuky.audit.Fair [Fair.java : 53] 结束产品413和-1
2020-05-12 19:17:41,347 DEBUG [task-1] top.zhuky.audit.Fair [Fair.java : 31] 开始产品444和-1
2020-05-12 19:17:43,191 DEBUG [task-5] top.zhuky.audit.Fair [Fair.java : 53] 结束产品450和-1
2020-05-12 19:17:43,208 DEBUG [task-5] top.zhuky.audit.Fair [Fair.java : 31] 开始产品449和-1
2020-05-12 19:17:46,098 DEBUG [task-1] top.zhuky.audit.Fair [Fair.java : 53] 结束产品444和-1
2020-05-12 19:17:46,118 DEBUG [task-1] top.zhuky.audit.Fair [Fair.java : 31] 开始产品433和-1
2020-05-12 19:17:48,889 DEBUG [task-6] top.zhuky.audit.Fair [Fair.java : 53] 结束产品422和-1
2020-05-12 19:17:48,952 DEBUG [task-6] top.zhuky.audit.Fair [Fair.java : 31] 开始产品436和-1
2020-05-12 19:17:50,379 DEBUG [task-1] top.zhuky.audit.Fair [Fair.java : 53] 结束产品433和-1
2020-05-12 19:17:50,409 DEBUG [task-1] top.zhuky.audit.Fair [Fair.java : 31] 开始产品434和-1
2020-05-12 19:17:52,185 DEBUG [task-3] top.zhuky.audit.Fair [Fair.java : 53] 结束产品180和-1
2020-05-12 19:17:52,203 DEBUG [task-3] top.zhuky.audit.Fair [Fair.java : 31] 开始产品438和-1
2020-05-12 19:17:53,104 DEBUG [task-6] top.zhuky.audit.Fair [Fair.java : 53] 结束产品436和-1
2020-05-12 19:17:54,452 DEBUG [task-1] top.zhuky.audit.Fair [Fair.java : 53] 结束产品434和-1
2020-05-12 19:17:56,066 DEBUG [task-5] top.zhuky.audit.Fair [Fair.java : 53] 结束产品449和-1
2020-05-12 19:17:56,140 DEBUG [task-3] top.zhuky.audit.Fair [Fair.java : 53] 结束产品438和-1
2020-05-12 19:18:01,928 DEBUG [task-4] top.zhuky.audit.Fair [Fair.java : 53] 结束产品446和-1
2020-05-12 19:18:03,202 DEBUG [task-7] top.zhuky.audit.Fair [Fair.java : 53] 结束产品443和-1
2020-05-12 19:18:09,375 DEBUG [task-8] top.zhuky.audit.Fair [Fair.java : 53] 结束产品448和-1
2020-05-12 19:18:42,033 DEBUG [task-2] top.zhuky.audit.Fair [Fair.java : 53] 结束产品445和-1
